<?xml version="1.0" encoding="UTF-8"?>
<testng-results ignored="3" total="4" passed="1" failed="0" skipped="0">
  <reporter-output>
  </reporter-output>
  <suite started-at="2021-07-12T23:20:18 IST" name="Default suite" finished-at="2021-07-12T23:20:34 IST" duration-ms="15398">
    <groups>
    </groups>
    <test started-at="2021-07-12T23:20:18 IST" name="Default test" finished-at="2021-07-12T23:20:34 IST" duration-ms="15398">
      <class name="com.ecom.webapp.amazon.AmazonHomepageTest">
        <test-method is-config="true" signature="setUp()[pri:0, instance:com.ecom.webapp.amazon.AmazonHomepageTest@649bec2e]" started-at="2021-07-12T23:20:18 IST" name="setUp" finished-at="2021-07-12T23:20:25 IST" duration-ms="6564" status="PASS">
          <reporter-output>
          </reporter-output>
        </test-method> <!-- setUp -->
        <test-method signature="testForAmazonSerachProduct()[pri:0, instance:com.ecom.webapp.amazon.AmazonHomepageTest@649bec2e]" started-at="2021-07-12T23:20:25 IST" name="testForAmazonSerachProduct" finished-at="2021-07-12T23:20:34 IST" duration-ms="8512" status="PASS">
          <reporter-output>
          </reporter-output>
        </test-method> <!-- testForAmazonSerachProduct -->
        <test-method is-config="true" signature="tearDown()[pri:0, instance:com.ecom.webapp.amazon.AmazonHomepageTest@649bec2e]" started-at="2021-07-12T23:20:34 IST" name="tearDown" finished-at="2021-07-12T23:20:34 IST" duration-ms="254" status="PASS">
          <reporter-output>
          </reporter-output>
        </test-method> <!-- tearDown -->
      </class> <!-- com.ecom.webapp.amazon.AmazonHomepageTest -->
    </test> <!-- Default test -->
  </suite> <!-- Default suite -->
</testng-results>
