<?xml version="1.0" encoding="UTF-8"?>
<!-- Generated by org.testng.reporters.JUnitXMLReporter -->
<testsuite ignored="3" hostname="arpaghos-WX-1" failures="0" tests="1" name="Default test" time="15.398" errors="0" timestamp="2021-07-12T23:20:34 IST">
  <testcase classname="com.ecom.webapp.amazon.AmazonHomepageTest" name="testForAmazonSerachProduct" time="8.512"/>
  <testcase classname="com.ecom.webapp.amazon.AmazonHomepageTest" name="testForAmazonHomepage" time="0.0">
    <ignored/>
  </testcase> <!-- testForAmazonHomepage -->
  <testcase classname="com.ecom.webapp.amazon.AmazonHomepageTest" name="testForAmazonSourceURL" time="0.0">
    <ignored/>
  </testcase> <!-- testForAmazonSourceURL -->
  <testcase classname="com.ecom.webapp.amazon.AmazonHomepageTest" name="testForAmazonSourceSignIn" time="0.0">
    <ignored/>
  </testcase> <!-- testForAmazonSourceSignIn -->
</testsuite> <!-- Default test -->
