<?xml version="1.0" encoding="UTF-8"?>
<!-- Generated by org.testng.reporters.JUnitReportReporter -->
<testsuite hostname="arpaghos-WX-1" failures="0" tests="2" name="com.ecom.webapp.amazon.AmazoNavLinkTest" time="13.326" errors="0" timestamp="2021-07-09T00:40:26 IST" skipped="0">
  <testcase classname="com.ecom.webapp.amazon.AmazoNavLinkTest" name="testFashionLinkNavigation" time="6.695"/>
  <system-out/>
  <testcase classname="com.ecom.webapp.amazon.AmazoNavLinkTest" name="testMobileLinkNavigation" time="6.631"/>
  <system-out/>
</testsuite> <!-- com.ecom.webapp.amazon.AmazoNavLinkTest -->
