<?xml version="1.0" encoding="UTF-8"?>
<!-- Generated by org.testng.reporters.JUnitReportReporter -->
<testsuite hostname="arpaghos-WX-1" failures="0" tests="2" name="com.ecom.webapp.BrowserGroupTest" time="12.250" errors="0" timestamp="2021-07-09T19:06:59 IST" skipped="0">
  <testcase classname="com.ecom.webapp.BrowserGroupTest" name="lauchFirefoxTest" time="9.629"/>
  <system-out/>
  <testcase classname="com.ecom.webapp.BrowserGroupTest" name="testFaceBookHomePage" time="2.621"/>
  <system-out/>
</testsuite> <!-- com.ecom.webapp.BrowserGroupTest -->
