<?xml version="1.0" encoding="UTF-8"?>
<!-- Generated by org.testng.reporters.JUnitXMLReporter -->
<testsuite ignored="0" hostname="arpaghos-WX-1" failures="0" tests="4" name="AmazonTest" time="23.343" errors="0" timestamp="2021-07-09T00:39:42 IST">
  <testcase classname="com.ecom.webapp.amazon.AmazonHomepageTest" name="testForAmazonHomepage" time="0.14"/>
  <testcase classname="com.ecom.webapp.amazon.AmazonHomepageTest" name="testForAmazonSourceURL" time="0.218"/>
  <testcase classname="com.ecom.webapp.amazon.AmazoNavLinkTest" name="testFashionLinkNavigation" time="2.485"/>
  <testcase classname="com.ecom.webapp.amazon.AmazoNavLinkTest" name="testMobileLinkNavigation" time="2.291"/>
</testsuite> <!-- AmazonTest -->
