<?xml version="1.0" encoding="UTF-8"?>
<!-- Generated by org.testng.reporters.JUnitXMLReporter -->
<testsuite ignored="0" hostname="arpaghos-WX-1" failures="0" tests="6" name="GroupTest" time="16.792" errors="0" timestamp="2021-07-09T00:40:26 IST">
  <testcase classname="com.ecom.webapp.BrowserGroupTest" name="lauchChromeTest" time="3.899"/>
  <testcase classname="com.ecom.webapp.BrowserGroupTest" name="lauchFirefoxTest" time="9.579"/>
  <testcase classname="com.ecom.webapp.BrowserGroupTest" name="testAmazonHomePageTitle" time="0.04"/>
  <testcase classname="com.ecom.webapp.BrowserGroupTest" name="testFaceBookHomePage" time="0.019"/>
  <testcase classname="com.ecom.webapp.BrowserGroupTest" name="testAmazonSourceURL" time="0.183"/>
  <testcase classname="com.ecom.webapp.BrowserGroupTest" name="testFaceLoginPage" time="3.046"/>
</testsuite> <!-- GroupTest -->
